2020-12-30 14:56:48,428 INFO ****** BUILDING NEW MCTS TREE FOR AGENT best_player ******
2020-12-30 14:56:48,428 INFO ***************************
2020-12-30 14:56:48,428 INFO ****** SIMULATION 1 ******
2020-12-30 14:56:48,428 INFO ***************************
2020-12-30 14:56:48,428 INFO ROOT NODE...000000000000000000000000000000000000000000000000000000000000000000000000000000000000
2020-12-30 14:56:48,428 INFO ['-', '-', '-', '-', '-', '-', '-']
2020-12-30 14:56:48,428 INFO ['-', '-', '-', '-', '-', '-', '-']
2020-12-30 14:56:48,428 INFO ['-', '-', '-', '-', '-', '-', '-']
2020-12-30 14:56:48,429 INFO ['-', '-', '-', '-', '-', '-', '-']
2020-12-30 14:56:48,429 INFO ['-', '-', '-', '-', '-', '-', '-']
2020-12-30 14:56:48,429 INFO ['-', '-', '-', '-', '-', '-', '-']
2020-12-30 14:56:48,429 INFO --------------
2020-12-30 14:56:48,429 INFO CURRENT PLAYER...1
2020-12-30 14:56:48,429 INFO ------MOVING TO LEAF------
2020-12-30 14:56:48,429 INFO DONE...0
2020-12-30 14:56:48,429 INFO ['-', '-', '-', '-', '-', '-', '-']
2020-12-30 14:56:48,430 INFO ['-', '-', '-', '-', '-', '-', '-']
2020-12-30 14:56:48,430 INFO ['-', '-', '-', '-', '-', '-', '-']
2020-12-30 14:56:48,430 INFO ['-', '-', '-', '-', '-', '-', '-']
2020-12-30 14:56:48,430 INFO ['-', '-', '-', '-', '-', '-', '-']
2020-12-30 14:56:48,430 INFO ['-', '-', '-', '-', '-', '-', '-']
2020-12-30 14:56:48,430 INFO --------------
2020-12-30 14:56:48,430 INFO ------EVALUATING LEAF------
2020-12-30 14:59:53,865 INFO ****** BUILDING NEW MCTS TREE FOR AGENT best_player ******
2020-12-30 14:59:53,865 INFO ***************************
2020-12-30 14:59:53,865 INFO ****** SIMULATION 1 ******
2020-12-30 14:59:53,865 INFO ***************************
2020-12-30 14:59:53,865 INFO ROOT NODE...000000000000000000000000000000000000000000000000000000000000000000000000000000000000
2020-12-30 14:59:53,865 INFO ['-', '-', '-', '-', '-', '-', '-']
2020-12-30 14:59:53,865 INFO ['-', '-', '-', '-', '-', '-', '-']
2020-12-30 14:59:53,865 INFO ['-', '-', '-', '-', '-', '-', '-']
2020-12-30 14:59:53,865 INFO ['-', '-', '-', '-', '-', '-', '-']
2020-12-30 14:59:53,865 INFO ['-', '-', '-', '-', '-', '-', '-']
2020-12-30 14:59:53,865 INFO ['-', '-', '-', '-', '-', '-', '-']
2020-12-30 14:59:53,865 INFO --------------
2020-12-30 14:59:53,865 INFO CURRENT PLAYER...1
2020-12-30 14:59:53,865 INFO ------MOVING TO LEAF------
2020-12-30 14:59:53,865 INFO DONE...0
2020-12-30 14:59:53,865 INFO ['-', '-', '-', '-', '-', '-', '-']
2020-12-30 14:59:53,865 INFO ['-', '-', '-', '-', '-', '-', '-']
2020-12-30 14:59:53,865 INFO ['-', '-', '-', '-', '-', '-', '-']
2020-12-30 14:59:53,865 INFO ['-', '-', '-', '-', '-', '-', '-']
2020-12-30 14:59:53,865 INFO ['-', '-', '-', '-', '-', '-', '-']
2020-12-30 14:59:53,865 INFO ['-', '-', '-', '-', '-', '-', '-']
2020-12-30 14:59:53,865 INFO --------------
2020-12-30 14:59:53,865 INFO ------EVALUATING LEAF------
2020-12-30 15:09:30,080 INFO ****** BUILDING NEW MCTS TREE FOR AGENT best_player ******
2020-12-30 15:09:30,080 INFO ***************************
2020-12-30 15:09:30,080 INFO ****** SIMULATION 1 ******
2020-12-30 15:09:30,081 INFO ***************************
2020-12-30 15:09:30,081 INFO ROOT NODE...000000000000000000000000000000000000000000000000000000000000000000000000000000000000
2020-12-30 15:09:30,081 INFO ['-', '-', '-', '-', '-', '-', '-']
2020-12-30 15:09:30,081 INFO ['-', '-', '-', '-', '-', '-', '-']
2020-12-30 15:09:30,081 INFO ['-', '-', '-', '-', '-', '-', '-']
2020-12-30 15:09:30,081 INFO ['-', '-', '-', '-', '-', '-', '-']
2020-12-30 15:09:30,081 INFO ['-', '-', '-', '-', '-', '-', '-']
2020-12-30 15:09:30,081 INFO ['-', '-', '-', '-', '-', '-', '-']
2020-12-30 15:09:30,081 INFO --------------
2020-12-30 15:09:30,081 INFO CURRENT PLAYER...1
2020-12-30 15:09:30,081 INFO ------MOVING TO LEAF------
2020-12-30 15:09:30,081 INFO DONE...0
2020-12-30 15:09:30,081 INFO ['-', '-', '-', '-', '-', '-', '-']
2020-12-30 15:09:30,081 INFO ['-', '-', '-', '-', '-', '-', '-']
2020-12-30 15:09:30,081 INFO ['-', '-', '-', '-', '-', '-', '-']
2020-12-30 15:09:30,081 INFO ['-', '-', '-', '-', '-', '-', '-']
2020-12-30 15:09:30,082 INFO ['-', '-', '-', '-', '-', '-', '-']
2020-12-30 15:09:30,082 INFO ['-', '-', '-', '-', '-', '-', '-']
2020-12-30 15:09:30,082 INFO --------------
2020-12-30 15:09:30,082 INFO ------EVALUATING LEAF------
2020-12-30 15:09:42,171 INFO ****** BUILDING NEW MCTS TREE FOR AGENT best_player ******
2020-12-30 15:09:42,172 INFO ***************************
2020-12-30 15:09:42,172 INFO ****** SIMULATION 1 ******
2020-12-30 15:09:42,172 INFO ***************************
2020-12-30 15:09:42,172 INFO ROOT NODE...000000000000000000000000000000000000000000000000000000000000000000000000000000000000
2020-12-30 15:09:42,172 INFO ['-', '-', '-', '-', '-', '-', '-']
2020-12-30 15:09:42,172 INFO ['-', '-', '-', '-', '-', '-', '-']
2020-12-30 15:09:42,172 INFO ['-', '-', '-', '-', '-', '-', '-']
2020-12-30 15:09:42,172 INFO ['-', '-', '-', '-', '-', '-', '-']
2020-12-30 15:09:42,172 INFO ['-', '-', '-', '-', '-', '-', '-']
2020-12-30 15:09:42,172 INFO ['-', '-', '-', '-', '-', '-', '-']
2020-12-30 15:09:42,172 INFO --------------
2020-12-30 15:09:42,172 INFO CURRENT PLAYER...1
2020-12-30 15:09:42,172 INFO ------MOVING TO LEAF------
2020-12-30 15:09:42,172 INFO DONE...0
2020-12-30 15:09:42,172 INFO ['-', '-', '-', '-', '-', '-', '-']
2020-12-30 15:09:42,173 INFO ['-', '-', '-', '-', '-', '-', '-']
2020-12-30 15:09:42,173 INFO ['-', '-', '-', '-', '-', '-', '-']
2020-12-30 15:09:42,173 INFO ['-', '-', '-', '-', '-', '-', '-']
2020-12-30 15:09:42,173 INFO ['-', '-', '-', '-', '-', '-', '-']
2020-12-30 15:09:42,173 INFO ['-', '-', '-', '-', '-', '-', '-']
2020-12-30 15:09:42,173 INFO --------------
2020-12-30 15:09:42,173 INFO ------EVALUATING LEAF------
2020-12-30 15:13:03,343 INFO ****** BUILDING NEW MCTS TREE FOR AGENT best_player ******
2020-12-30 15:13:03,343 INFO ***************************
2020-12-30 15:13:03,343 INFO ****** SIMULATION 1 ******
2020-12-30 15:13:03,343 INFO ***************************
2020-12-30 15:13:03,343 INFO ROOT NODE...000000000000000000000000000000000000000000000000000000000000000000000000000000000000
2020-12-30 15:13:03,343 INFO ['-', '-', '-', '-', '-', '-', '-']
2020-12-30 15:13:03,343 INFO ['-', '-', '-', '-', '-', '-', '-']
2020-12-30 15:13:03,343 INFO ['-', '-', '-', '-', '-', '-', '-']
2020-12-30 15:13:03,343 INFO ['-', '-', '-', '-', '-', '-', '-']
2020-12-30 15:13:03,343 INFO ['-', '-', '-', '-', '-', '-', '-']
2020-12-30 15:13:03,343 INFO ['-', '-', '-', '-', '-', '-', '-']
2020-12-30 15:13:03,343 INFO --------------
2020-12-30 15:13:03,343 INFO CURRENT PLAYER...1
2020-12-30 15:13:03,343 INFO ------MOVING TO LEAF------
2020-12-30 15:13:03,343 INFO DONE...0
2020-12-30 15:13:03,343 INFO ['-', '-', '-', '-', '-', '-', '-']
2020-12-30 15:13:03,343 INFO ['-', '-', '-', '-', '-', '-', '-']
2020-12-30 15:13:03,343 INFO ['-', '-', '-', '-', '-', '-', '-']
2020-12-30 15:13:03,343 INFO ['-', '-', '-', '-', '-', '-', '-']
2020-12-30 15:13:03,343 INFO ['-', '-', '-', '-', '-', '-', '-']
2020-12-30 15:13:03,343 INFO ['-', '-', '-', '-', '-', '-', '-']
2020-12-30 15:13:03,343 INFO --------------
2020-12-30 15:13:03,343 INFO ------EVALUATING LEAF------
2020-12-30 15:21:59,550 INFO ****** BUILDING NEW MCTS TREE FOR AGENT best_player ******
2020-12-30 15:21:59,550 INFO ***************************
2020-12-30 15:21:59,550 INFO ****** SIMULATION 1 ******
2020-12-30 15:21:59,550 INFO ***************************
2020-12-30 15:21:59,551 INFO ROOT NODE...000000000000000000000000000000000000000000000000000000000000000000000000000000000000
2020-12-30 15:21:59,551 INFO ['-', '-', '-', '-', '-', '-', '-']
2020-12-30 15:21:59,551 INFO ['-', '-', '-', '-', '-', '-', '-']
2020-12-30 15:21:59,551 INFO ['-', '-', '-', '-', '-', '-', '-']
2020-12-30 15:21:59,551 INFO ['-', '-', '-', '-', '-', '-', '-']
2020-12-30 15:21:59,551 INFO ['-', '-', '-', '-', '-', '-', '-']
2020-12-30 15:21:59,551 INFO ['-', '-', '-', '-', '-', '-', '-']
2020-12-30 15:21:59,551 INFO --------------
2020-12-30 15:21:59,551 INFO CURRENT PLAYER...1
2020-12-30 15:21:59,551 INFO ------MOVING TO LEAF------
2020-12-30 15:21:59,551 INFO DONE...0
2020-12-30 15:21:59,551 INFO ['-', '-', '-', '-', '-', '-', '-']
2020-12-30 15:21:59,551 INFO ['-', '-', '-', '-', '-', '-', '-']
2020-12-30 15:21:59,551 INFO ['-', '-', '-', '-', '-', '-', '-']
2020-12-30 15:21:59,551 INFO ['-', '-', '-', '-', '-', '-', '-']
2020-12-30 15:21:59,551 INFO ['-', '-', '-', '-', '-', '-', '-']
2020-12-30 15:21:59,552 INFO ['-', '-', '-', '-', '-', '-', '-']
2020-12-30 15:21:59,552 INFO --------------
2020-12-30 15:21:59,552 INFO ------EVALUATING LEAF------
2020-12-30 15:26:04,663 INFO ****** BUILDING NEW MCTS TREE FOR AGENT best_player ******
2020-12-30 15:26:04,663 INFO ***************************
2020-12-30 15:26:04,664 INFO ****** SIMULATION 1 ******
2020-12-30 15:26:04,664 INFO ***************************
2020-12-30 15:26:04,664 INFO ROOT NODE...000000000000000000000000000000000000000000000000000000000000000000000000000000000000
2020-12-30 15:26:04,664 INFO ['-', '-', '-', '-', '-', '-', '-']
2020-12-30 15:26:04,664 INFO ['-', '-', '-', '-', '-', '-', '-']
2020-12-30 15:26:04,664 INFO ['-', '-', '-', '-', '-', '-', '-']
2020-12-30 15:26:04,664 INFO ['-', '-', '-', '-', '-', '-', '-']
2020-12-30 15:26:04,664 INFO ['-', '-', '-', '-', '-', '-', '-']
2020-12-30 15:26:04,664 INFO ['-', '-', '-', '-', '-', '-', '-']
2020-12-30 15:26:04,664 INFO --------------
2020-12-30 15:26:04,664 INFO CURRENT PLAYER...1
2020-12-30 15:26:04,664 INFO ------MOVING TO LEAF------
2020-12-30 15:26:04,664 INFO DONE...0
2020-12-30 15:26:04,664 INFO ['-', '-', '-', '-', '-', '-', '-']
2020-12-30 15:26:04,664 INFO ['-', '-', '-', '-', '-', '-', '-']
2020-12-30 15:26:04,664 INFO ['-', '-', '-', '-', '-', '-', '-']
2020-12-30 15:26:04,664 INFO ['-', '-', '-', '-', '-', '-', '-']
2020-12-30 15:26:04,664 INFO ['-', '-', '-', '-', '-', '-', '-']
2020-12-30 15:26:04,665 INFO ['-', '-', '-', '-', '-', '-', '-']
2020-12-30 15:26:04,665 INFO --------------
2020-12-30 15:26:04,665 INFO ------EVALUATING LEAF------
2020-12-30 15:32:26,146 INFO ****** BUILDING NEW MCTS TREE FOR AGENT best_player ******
2020-12-30 15:32:26,146 INFO ***************************
2020-12-30 15:32:26,146 INFO ****** SIMULATION 1 ******
2020-12-30 15:32:26,146 INFO ***************************
2020-12-30 15:32:26,146 INFO ROOT NODE...000000000000000000000000000000000000000000000000000000000000000000000000000000000000
2020-12-30 15:32:26,146 INFO ['-', '-', '-', '-', '-', '-', '-']
2020-12-30 15:32:26,146 INFO ['-', '-', '-', '-', '-', '-', '-']
2020-12-30 15:32:26,146 INFO ['-', '-', '-', '-', '-', '-', '-']
2020-12-30 15:32:26,146 INFO ['-', '-', '-', '-', '-', '-', '-']
2020-12-30 15:32:26,146 INFO ['-', '-', '-', '-', '-', '-', '-']
2020-12-30 15:32:26,146 INFO ['-', '-', '-', '-', '-', '-', '-']
2020-12-30 15:32:26,146 INFO --------------
2020-12-30 15:32:26,147 INFO CURRENT PLAYER...1
2020-12-30 15:32:26,147 INFO ------MOVING TO LEAF------
2020-12-30 15:32:26,147 INFO DONE...0
2020-12-30 15:32:26,147 INFO ['-', '-', '-', '-', '-', '-', '-']
2020-12-30 15:32:26,147 INFO ['-', '-', '-', '-', '-', '-', '-']
2020-12-30 15:32:26,147 INFO ['-', '-', '-', '-', '-', '-', '-']
2020-12-30 15:32:26,147 INFO ['-', '-', '-', '-', '-', '-', '-']
2020-12-30 15:32:26,147 INFO ['-', '-', '-', '-', '-', '-', '-']
2020-12-30 15:32:26,147 INFO ['-', '-', '-', '-', '-', '-', '-']
2020-12-30 15:32:26,147 INFO --------------
2020-12-30 15:32:26,147 INFO ------EVALUATING LEAF------
2020-12-30 15:36:59,154 INFO ****** BUILDING NEW MCTS TREE FOR AGENT best_player ******
2020-12-30 15:36:59,154 INFO ***************************
2020-12-30 15:36:59,154 INFO ****** SIMULATION 1 ******
2020-12-30 15:36:59,154 INFO ***************************
2020-12-30 15:36:59,154 INFO ROOT NODE...000000000000000000000000000000000000000000000000000000000000000000000000000000000000
2020-12-30 15:36:59,154 INFO ['-', '-', '-', '-', '-', '-', '-']
2020-12-30 15:36:59,154 INFO ['-', '-', '-', '-', '-', '-', '-']
2020-12-30 15:36:59,154 INFO ['-', '-', '-', '-', '-', '-', '-']
2020-12-30 15:36:59,154 INFO ['-', '-', '-', '-', '-', '-', '-']
2020-12-30 15:36:59,154 INFO ['-', '-', '-', '-', '-', '-', '-']
2020-12-30 15:36:59,154 INFO ['-', '-', '-', '-', '-', '-', '-']
2020-12-30 15:36:59,154 INFO --------------
2020-12-30 15:36:59,154 INFO CURRENT PLAYER...1
2020-12-30 15:36:59,154 INFO ------MOVING TO LEAF------
2020-12-30 15:36:59,155 INFO DONE...0
2020-12-30 15:36:59,155 INFO ['-', '-', '-', '-', '-', '-', '-']
2020-12-30 15:36:59,155 INFO ['-', '-', '-', '-', '-', '-', '-']
2020-12-30 15:36:59,155 INFO ['-', '-', '-', '-', '-', '-', '-']
2020-12-30 15:36:59,155 INFO ['-', '-', '-', '-', '-', '-', '-']
2020-12-30 15:36:59,155 INFO ['-', '-', '-', '-', '-', '-', '-']
2020-12-30 15:36:59,155 INFO ['-', '-', '-', '-', '-', '-', '-']
2020-12-30 15:36:59,155 INFO --------------
2020-12-30 15:36:59,155 INFO ------EVALUATING LEAF------
