2020-12-30 14:56:47,592 INFO =*=*=*=*=*=*=*=*=*=*=*=*=*=*=*=*=*=*=*=*=*
2020-12-30 14:56:47,592 INFO =*=*=*=*=*=.      NEW LOG      =*=*=*=*=*
2020-12-30 14:56:47,592 INFO =*=*=*=*=*=*=*=*=*=*=*=*=*=*=*=*=*=*=*=*=*
2020-12-30 14:56:48,425 INFO BEST PLAYER VERSION: 0
2020-12-30 14:56:48,425 INFO ====================
2020-12-30 14:56:48,426 INFO EPISODE 1 OF 30
2020-12-30 14:56:48,426 INFO ====================
2020-12-30 14:56:48,427 INFO best_player plays as X
2020-12-30 14:56:48,427 INFO ['-', '-', '-', '-', '-', '-', '-']
2020-12-30 14:56:48,427 INFO ['-', '-', '-', '-', '-', '-', '-']
2020-12-30 14:56:48,427 INFO ['-', '-', '-', '-', '-', '-', '-']
2020-12-30 14:56:48,427 INFO ['-', '-', '-', '-', '-', '-', '-']
2020-12-30 14:56:48,428 INFO ['-', '-', '-', '-', '-', '-', '-']
2020-12-30 14:56:48,428 INFO ['-', '-', '-', '-', '-', '-', '-']
2020-12-30 14:56:48,428 INFO --------------
2020-12-30 14:59:53,024 INFO =*=*=*=*=*=*=*=*=*=*=*=*=*=*=*=*=*=*=*=*=*
2020-12-30 14:59:53,024 INFO =*=*=*=*=*=.      NEW LOG      =*=*=*=*=*
2020-12-30 14:59:53,024 INFO =*=*=*=*=*=*=*=*=*=*=*=*=*=*=*=*=*=*=*=*=*
2020-12-30 14:59:53,865 INFO BEST PLAYER VERSION: 0
2020-12-30 14:59:53,865 INFO ====================
2020-12-30 14:59:53,865 INFO EPISODE 1 OF 30
2020-12-30 14:59:53,865 INFO ====================
2020-12-30 14:59:53,865 INFO best_player plays as X
2020-12-30 14:59:53,865 INFO ['-', '-', '-', '-', '-', '-', '-']
2020-12-30 14:59:53,865 INFO ['-', '-', '-', '-', '-', '-', '-']
2020-12-30 14:59:53,865 INFO ['-', '-', '-', '-', '-', '-', '-']
2020-12-30 14:59:53,865 INFO ['-', '-', '-', '-', '-', '-', '-']
2020-12-30 14:59:53,865 INFO ['-', '-', '-', '-', '-', '-', '-']
2020-12-30 14:59:53,865 INFO ['-', '-', '-', '-', '-', '-', '-']
2020-12-30 14:59:53,865 INFO --------------
2020-12-30 15:09:29,371 INFO =*=*=*=*=*=*=*=*=*=*=*=*=*=*=*=*=*=*=*=*=*
2020-12-30 15:09:29,371 INFO =*=*=*=*=*=.      NEW LOG      =*=*=*=*=*
2020-12-30 15:09:29,371 INFO =*=*=*=*=*=*=*=*=*=*=*=*=*=*=*=*=*=*=*=*=*
2020-12-30 15:09:30,078 INFO BEST PLAYER VERSION: 0
2020-12-30 15:09:30,079 INFO ====================
2020-12-30 15:09:30,079 INFO EPISODE 1 OF 30
2020-12-30 15:09:30,079 INFO ====================
2020-12-30 15:09:30,080 INFO best_player plays as X
2020-12-30 15:09:30,080 INFO ['-', '-', '-', '-', '-', '-', '-']
2020-12-30 15:09:30,080 INFO ['-', '-', '-', '-', '-', '-', '-']
2020-12-30 15:09:30,080 INFO ['-', '-', '-', '-', '-', '-', '-']
2020-12-30 15:09:30,080 INFO ['-', '-', '-', '-', '-', '-', '-']
2020-12-30 15:09:30,080 INFO ['-', '-', '-', '-', '-', '-', '-']
2020-12-30 15:09:30,080 INFO ['-', '-', '-', '-', '-', '-', '-']
2020-12-30 15:09:30,080 INFO --------------
2020-12-30 15:09:41,393 INFO =*=*=*=*=*=*=*=*=*=*=*=*=*=*=*=*=*=*=*=*=*
2020-12-30 15:09:41,393 INFO =*=*=*=*=*=.      NEW LOG      =*=*=*=*=*
2020-12-30 15:09:41,393 INFO =*=*=*=*=*=*=*=*=*=*=*=*=*=*=*=*=*=*=*=*=*
2020-12-30 15:09:42,169 INFO BEST PLAYER VERSION: 0
2020-12-30 15:09:42,170 INFO ====================
2020-12-30 15:09:42,170 INFO EPISODE 1 OF 30
2020-12-30 15:09:42,170 INFO ====================
2020-12-30 15:09:42,171 INFO best_player plays as X
2020-12-30 15:09:42,171 INFO --------------
2020-12-30 15:09:42,171 INFO ['-', '-', '-', '-', '-', '-', '-']
2020-12-30 15:09:42,171 INFO ['-', '-', '-', '-', '-', '-', '-']
2020-12-30 15:09:42,171 INFO ['-', '-', '-', '-', '-', '-', '-']
2020-12-30 15:09:42,171 INFO ['-', '-', '-', '-', '-', '-', '-']
2020-12-30 15:09:42,171 INFO ['-', '-', '-', '-', '-', '-', '-']
2020-12-30 15:09:42,171 INFO ['-', '-', '-', '-', '-', '-', '-']
2020-12-30 15:09:42,171 INFO --------------
2020-12-30 15:13:02,408 INFO =*=*=*=*=*=*=*=*=*=*=*=*=*=*=*=*=*=*=*=*=*
2020-12-30 15:13:02,423 INFO =*=*=*=*=*=.      NEW LOG      =*=*=*=*=*
2020-12-30 15:13:02,423 INFO =*=*=*=*=*=*=*=*=*=*=*=*=*=*=*=*=*=*=*=*=*
2020-12-30 15:13:03,343 INFO BEST PLAYER VERSION: 0
2020-12-30 15:13:03,343 INFO ====================
2020-12-30 15:13:03,343 INFO EPISODE 1 OF 30
2020-12-30 15:13:03,343 INFO ====================
2020-12-30 15:13:03,343 INFO best_player plays as X
2020-12-30 15:13:03,343 INFO --------------
2020-12-30 15:13:03,343 INFO ['-', '-', '-', '-', '-', '-', '-']
2020-12-30 15:13:03,343 INFO ['-', '-', '-', '-', '-', '-', '-']
2020-12-30 15:13:03,343 INFO ['-', '-', '-', '-', '-', '-', '-']
2020-12-30 15:13:03,343 INFO ['-', '-', '-', '-', '-', '-', '-']
2020-12-30 15:13:03,343 INFO ['-', '-', '-', '-', '-', '-', '-']
2020-12-30 15:13:03,343 INFO ['-', '-', '-', '-', '-', '-', '-']
2020-12-30 15:13:03,343 INFO --------------
2020-12-30 15:21:58,657 INFO =*=*=*=*=*=*=*=*=*=*=*=*=*=*=*=*=*=*=*=*=*
2020-12-30 15:21:58,657 INFO =*=*=*=*=*=.      NEW LOG      =*=*=*=*=*
2020-12-30 15:21:58,657 INFO =*=*=*=*=*=*=*=*=*=*=*=*=*=*=*=*=*=*=*=*=*
2020-12-30 15:21:59,547 INFO BEST PLAYER VERSION: 0
2020-12-30 15:21:59,549 INFO ====================
2020-12-30 15:21:59,549 INFO EPISODE 1 OF 30
2020-12-30 15:21:59,549 INFO ====================
2020-12-30 15:21:59,550 INFO best_player plays as X
2020-12-30 15:21:59,550 INFO ['-', '-', '-', '-', '-', '-', '-']
2020-12-30 15:21:59,550 INFO ['-', '-', '-', '-', '-', '-', '-']
2020-12-30 15:21:59,550 INFO ['-', '-', '-', '-', '-', '-', '-']
2020-12-30 15:21:59,550 INFO ['-', '-', '-', '-', '-', '-', '-']
2020-12-30 15:21:59,550 INFO ['-', '-', '-', '-', '-', '-', '-']
2020-12-30 15:21:59,550 INFO ['-', '-', '-', '-', '-', '-', '-']
2020-12-30 15:21:59,550 INFO --------------
2020-12-30 15:26:03,723 INFO =*=*=*=*=*=*=*=*=*=*=*=*=*=*=*=*=*=*=*=*=*
2020-12-30 15:26:03,723 INFO =*=*=*=*=*=.      NEW LOG      =*=*=*=*=*
2020-12-30 15:26:03,724 INFO =*=*=*=*=*=*=*=*=*=*=*=*=*=*=*=*=*=*=*=*=*
2020-12-30 15:26:04,661 INFO BEST PLAYER VERSION: 0
2020-12-30 15:26:04,662 INFO ====================
2020-12-30 15:26:04,662 INFO EPISODE 1 OF 30
2020-12-30 15:26:04,662 INFO ====================
2020-12-30 15:26:04,663 INFO best_player plays as X
2020-12-30 15:26:04,663 INFO ['-', '-', '-', '-', '-', '-', '-']
2020-12-30 15:26:04,663 INFO ['-', '-', '-', '-', '-', '-', '-']
2020-12-30 15:26:04,663 INFO ['-', '-', '-', '-', '-', '-', '-']
2020-12-30 15:26:04,663 INFO ['-', '-', '-', '-', '-', '-', '-']
2020-12-30 15:26:04,663 INFO ['-', '-', '-', '-', '-', '-', '-']
2020-12-30 15:26:04,663 INFO ['-', '-', '-', '-', '-', '-', '-']
2020-12-30 15:26:04,663 INFO --------------
2020-12-30 15:32:25,223 INFO =*=*=*=*=*=*=*=*=*=*=*=*=*=*=*=*=*=*=*=*=*
2020-12-30 15:32:25,223 INFO =*=*=*=*=*=.      NEW LOG      =*=*=*=*=*
2020-12-30 15:32:25,223 INFO =*=*=*=*=*=*=*=*=*=*=*=*=*=*=*=*=*=*=*=*=*
2020-12-30 15:32:26,143 INFO BEST PLAYER VERSION: 0
2020-12-30 15:32:26,144 INFO ====================
2020-12-30 15:32:26,144 INFO EPISODE 1 OF 30
2020-12-30 15:32:26,144 INFO ====================
2020-12-30 15:32:26,145 INFO best_player plays as X
2020-12-30 15:32:26,145 INFO --------------
2020-12-30 15:32:26,145 INFO ['-', '-', '-', '-', '-', '-', '-']
2020-12-30 15:32:26,145 INFO ['-', '-', '-', '-', '-', '-', '-']
2020-12-30 15:32:26,145 INFO ['-', '-', '-', '-', '-', '-', '-']
2020-12-30 15:32:26,145 INFO ['-', '-', '-', '-', '-', '-', '-']
2020-12-30 15:32:26,145 INFO ['-', '-', '-', '-', '-', '-', '-']
2020-12-30 15:32:26,145 INFO ['-', '-', '-', '-', '-', '-', '-']
2020-12-30 15:32:26,146 INFO --------------
2020-12-30 15:36:58,333 INFO =*=*=*=*=*=*=*=*=*=*=*=*=*=*=*=*=*=*=*=*=*
2020-12-30 15:36:58,334 INFO =*=*=*=*=*=.      NEW LOG      =*=*=*=*=*
2020-12-30 15:36:58,334 INFO =*=*=*=*=*=*=*=*=*=*=*=*=*=*=*=*=*=*=*=*=*
2020-12-30 15:36:59,151 INFO BEST PLAYER VERSION: 0
2020-12-30 15:36:59,152 INFO ====================
2020-12-30 15:36:59,152 INFO EPISODE 1 OF 30
2020-12-30 15:36:59,152 INFO ====================
2020-12-30 15:36:59,153 INFO best_player plays as X
2020-12-30 15:36:59,153 INFO --------------
2020-12-30 15:36:59,153 INFO ['-', '-', '-', '-', '-', '-', '-']
2020-12-30 15:36:59,153 INFO ['-', '-', '-', '-', '-', '-', '-']
2020-12-30 15:36:59,153 INFO ['-', '-', '-', '-', '-', '-', '-']
2020-12-30 15:36:59,153 INFO ['-', '-', '-', '-', '-', '-', '-']
2020-12-30 15:36:59,153 INFO ['-', '-', '-', '-', '-', '-', '-']
2020-12-30 15:36:59,154 INFO ['-', '-', '-', '-', '-', '-', '-']
2020-12-30 15:36:59,154 INFO --------------
